{"/Users/linzhixing/linzhixing/repository/react-select/src/components/icon/icon.js": {"path":"/Users/linzhixing/linzhixing/repository/react-select/src/components/icon/icon.js","statementMap":{"0":{"start":{"line":3,"column":30},"end":{"line":13,"column":2}},"1":{"start":{"line":4,"column":2},"end":{"line":12,"column":4}},"2":{"start":{"line":15,"column":31},"end":{"line":25,"column":2}},"3":{"start":{"line":16,"column":2},"end":{"line":24,"column":4}},"4":{"start":{"line":27,"column":34},"end":{"line":41,"column":2}},"5":{"start":{"line":28,"column":2},"end":{"line":40,"column":4}}},"fnMap":{"0":{"name":"(anonymous_0)","decl":{"start":{"line":3,"column":35},"end":{"line":3,"column":36}},"loc":{"start":{"line":3,"column":135},"end":{"line":13,"column":1}},"line":3},"1":{"name":"(anonymous_1)","decl":{"start":{"line":15,"column":36},"end":{"line":15,"column":37}},"loc":{"start":{"line":15,"column":136},"end":{"line":25,"column":1}},"line":15},"2":{"name":"(anonymous_2)","decl":{"start":{"line":27,"column":39},"end":{"line":27,"column":40}},"loc":{"start":{"line":27,"column":139},"end":{"line":41,"column":1}},"line":27}},"branchMap":{"0":{"loc":{"start":{"line":3,"column":38},"end":{"line":3,"column":52}},"type":"default-arg","locations":[{"start":{"line":3,"column":50},"end":{"line":3,"column":52}}],"line":3},"1":{"loc":{"start":{"line":3,"column":54},"end":{"line":3,"column":69}},"type":"default-arg","locations":[{"start":{"line":3,"column":67},"end":{"line":3,"column":69}}],"line":3},"2":{"loc":{"start":{"line":3,"column":71},"end":{"line":3,"column":81}},"type":"default-arg","locations":[{"start":{"line":3,"column":79},"end":{"line":3,"column":81}}],"line":3},"3":{"loc":{"start":{"line":3,"column":98},"end":{"line":3,"column":108}},"type":"default-arg","locations":[{"start":{"line":3,"column":106},"end":{"line":3,"column":108}}],"line":3},"4":{"loc":{"start":{"line":15,"column":39},"end":{"line":15,"column":53}},"type":"default-arg","locations":[{"start":{"line":15,"column":51},"end":{"line":15,"column":53}}],"line":15},"5":{"loc":{"start":{"line":15,"column":55},"end":{"line":15,"column":70}},"type":"default-arg","locations":[{"start":{"line":15,"column":68},"end":{"line":15,"column":70}}],"line":15},"6":{"loc":{"start":{"line":15,"column":72},"end":{"line":15,"column":82}},"type":"default-arg","locations":[{"start":{"line":15,"column":80},"end":{"line":15,"column":82}}],"line":15},"7":{"loc":{"start":{"line":15,"column":99},"end":{"line":15,"column":109}},"type":"default-arg","locations":[{"start":{"line":15,"column":107},"end":{"line":15,"column":109}}],"line":15},"8":{"loc":{"start":{"line":27,"column":42},"end":{"line":27,"column":56}},"type":"default-arg","locations":[{"start":{"line":27,"column":54},"end":{"line":27,"column":56}}],"line":27},"9":{"loc":{"start":{"line":27,"column":58},"end":{"line":27,"column":73}},"type":"default-arg","locations":[{"start":{"line":27,"column":71},"end":{"line":27,"column":73}}],"line":27},"10":{"loc":{"start":{"line":27,"column":75},"end":{"line":27,"column":85}},"type":"default-arg","locations":[{"start":{"line":27,"column":83},"end":{"line":27,"column":85}}],"line":27},"11":{"loc":{"start":{"line":27,"column":102},"end":{"line":27,"column":112}},"type":"default-arg","locations":[{"start":{"line":27,"column":110},"end":{"line":27,"column":112}}],"line":27}},"s":{"0":1,"1":0,"2":1,"3":13,"4":1,"5":0},"f":{"0":0,"1":13,"2":0},"b":{"0":[0],"1":[0],"2":[0],"3":[0],"4":[0],"5":[13],"6":[13],"7":[13],"8":[0],"9":[0],"10":[0],"11":[0]},"_coverageSchema":"43e27e138ebf9cfc5966b082cf9a028302ed4184","hash":"a37e1c5d538d6afb8d34658b8c639f82f0a3e7ff"}
,"/Users/linzhixing/linzhixing/repository/react-select/src/components/select/select.js": {"path":"/Users/linzhixing/linzhixing/repository/react-select/src/components/select/select.js","statementMap":{"0":{"start":{"line":5,"column":25},"end":{"line":5,"column":29}},"1":{"start":{"line":6,"column":17},"end":{"line":9,"column":1}},"2":{"start":{"line":7,"column":2},"end":{"line":7,"column":35}},"3":{"start":{"line":8,"column":2},"end":{"line":8,"column":55}},"4":{"start":{"line":8,"column":40},"end":{"line":8,"column":48}},"5":{"start":{"line":10,"column":18},"end":{"line":224,"column":2}},"6":{"start":{"line":11,"column":26},"end":{"line":11,"column":38}},"7":{"start":{"line":12,"column":26},"end":{"line":12,"column":37}},"8":{"start":{"line":13,"column":26},"end":{"line":13,"column":41}},"9":{"start":{"line":14,"column":26},"end":{"line":14,"column":40}},"10":{"start":{"line":15,"column":23},"end":{"line":15,"column":38}},"11":{"start":{"line":16,"column":20},"end":{"line":16,"column":32}},"12":{"start":{"line":17,"column":19},"end":{"line":17,"column":31}},"13":{"start":{"line":18,"column":23},"end":{"line":18,"column":35}},"14":{"start":{"line":19,"column":32},"end":{"line":19,"column":43}},"15":{"start":{"line":20,"column":22},"end":{"line":20,"column":34}},"16":{"start":{"line":21,"column":18},"end":{"line":21,"column":30}},"17":{"start":{"line":22,"column":2},"end":{"line":24,"column":17}},"18":{"start":{"line":23,"column":4},"end":{"line":23,"column":33}},"19":{"start":{"line":28,"column":23},"end":{"line":34,"column":8}},"20":{"start":{"line":29,"column":4},"end":{"line":33,"column":5}},"21":{"start":{"line":30,"column":6},"end":{"line":30,"column":32}},"22":{"start":{"line":31,"column":6},"end":{"line":31,"column":29}},"23":{"start":{"line":32,"column":6},"end":{"line":32,"column":29}},"24":{"start":{"line":35,"column":2},"end":{"line":40,"column":9}},"25":{"start":{"line":36,"column":4},"end":{"line":36,"column":53}},"26":{"start":{"line":37,"column":4},"end":{"line":39,"column":6}},"27":{"start":{"line":38,"column":6},"end":{"line":38,"column":58}},"28":{"start":{"line":44,"column":2},"end":{"line":66,"column":37}},"29":{"start":{"line":45,"column":4},"end":{"line":45,"column":100}},"30":{"start":{"line":46,"column":4},"end":{"line":65,"column":5}},"31":{"start":{"line":47,"column":26},"end":{"line":47,"column":28}},"32":{"start":{"line":48,"column":6},"end":{"line":55,"column":9}},"33":{"start":{"line":49,"column":8},"end":{"line":54,"column":15}},"34":{"start":{"line":56,"column":6},"end":{"line":56,"column":38}},"35":{"start":{"line":57,"column":6},"end":{"line":57,"column":34}},"36":{"start":{"line":59,"column":6},"end":{"line":59,"column":35}},"37":{"start":{"line":60,"column":6},"end":{"line":64,"column":13}},"38":{"start":{"line":62,"column":12},"end":{"line":62,"column":80}},"39":{"start":{"line":70,"column":24},"end":{"line":117,"column":4}},"40":{"start":{"line":71,"column":4},"end":{"line":116,"column":5}},"41":{"start":{"line":72,"column":6},"end":{"line":110,"column":7}},"42":{"start":{"line":75,"column":10},"end":{"line":75,"column":111}},"43":{"start":{"line":75,"column":104},"end":{"line":75,"column":111}},"44":{"start":{"line":76,"column":10},"end":{"line":76,"column":36}},"45":{"start":{"line":77,"column":10},"end":{"line":77,"column":33}},"46":{"start":{"line":78,"column":10},"end":{"line":78,"column":112}},"47":{"start":{"line":79,"column":10},"end":{"line":79,"column":16}},"48":{"start":{"line":81,"column":10},"end":{"line":81,"column":36}},"49":{"start":{"line":82,"column":10},"end":{"line":82,"column":33}},"50":{"start":{"line":83,"column":10},"end":{"line":83,"column":16}},"51":{"start":{"line":85,"column":10},"end":{"line":85,"column":29}},"52":{"start":{"line":86,"column":10},"end":{"line":94,"column":11}},"53":{"start":{"line":87,"column":33},"end":{"line":87,"column":72}},"54":{"start":{"line":88,"column":37},"end":{"line":88,"column":80}},"55":{"start":{"line":89,"column":31},"end":{"line":89,"column":70}},"56":{"start":{"line":90,"column":12},"end":{"line":90,"column":67}},"57":{"start":{"line":91,"column":12},"end":{"line":93,"column":13}},"58":{"start":{"line":92,"column":14},"end":{"line":92,"column":87}},"59":{"start":{"line":95,"column":10},"end":{"line":95,"column":16}},"60":{"start":{"line":97,"column":10},"end":{"line":97,"column":29}},"61":{"start":{"line":98,"column":10},"end":{"line":106,"column":11}},"62":{"start":{"line":99,"column":33},"end":{"line":99,"column":72}},"63":{"start":{"line":100,"column":37},"end":{"line":100,"column":80}},"64":{"start":{"line":101,"column":31},"end":{"line":101,"column":76}},"65":{"start":{"line":102,"column":12},"end":{"line":102,"column":67}},"66":{"start":{"line":103,"column":12},"end":{"line":105,"column":13}},"67":{"start":{"line":104,"column":14},"end":{"line":104,"column":84}},"68":{"start":{"line":107,"column":10},"end":{"line":107,"column":16}},"69":{"start":{"line":112,"column":6},"end":{"line":115,"column":7}},"70":{"start":{"line":113,"column":8},"end":{"line":113,"column":33}},"71":{"start":{"line":114,"column":8},"end":{"line":114,"column":30}},"72":{"start":{"line":122,"column":2},"end":{"line":165,"column":3}},"73":{"start":{"line":123,"column":4},"end":{"line":134,"column":6}},"74":{"start":{"line":136,"column":4},"end":{"line":164,"column":5}},"75":{"start":{"line":137,"column":6},"end":{"line":161,"column":9}},"76":{"start":{"line":138,"column":8},"end":{"line":160,"column":10}},"77":{"start":{"line":146,"column":14},"end":{"line":146,"column":80}},"78":{"start":{"line":151,"column":14},"end":{"line":151,"column":47}},"79":{"start":{"line":151,"column":40},"end":{"line":151,"column":47}},"80":{"start":{"line":152,"column":14},"end":{"line":152,"column":40}},"81":{"start":{"line":153,"column":14},"end":{"line":153,"column":37}},"82":{"start":{"line":154,"column":14},"end":{"line":154,"column":48}},"83":{"start":{"line":156,"column":32},"end":{"line":156,"column":63}},"84":{"start":{"line":163,"column":6},"end":{"line":163,"column":94}},"85":{"start":{"line":166,"column":2},"end":{"line":223,"column":4}},"86":{"start":{"line":172,"column":10},"end":{"line":172,"column":35}},"87":{"start":{"line":173,"column":10},"end":{"line":173,"column":32}},"88":{"start":{"line":174,"column":10},"end":{"line":174,"column":35}},"89":{"start":{"line":183,"column":25},"end":{"line":183,"column":73}},"90":{"start":{"line":184,"column":25},"end":{"line":184,"column":46}},"91":{"start":{"line":185,"column":26},"end":{"line":185,"column":42}},"92":{"start":{"line":198,"column":14},"end":{"line":198,"column":53}},"93":{"start":{"line":199,"column":14},"end":{"line":199,"column":37}},"94":{"start":{"line":208,"column":12},"end":{"line":208,"column":32}},"95":{"start":{"line":209,"column":12},"end":{"line":209,"column":51}},"96":{"start":{"line":210,"column":12},"end":{"line":210,"column":35}},"97":{"start":{"line":211,"column":12},"end":{"line":211,"column":52}}},"fnMap":{"0":{"name":"(anonymous_0)","decl":{"start":{"line":6,"column":17},"end":{"line":6,"column":18}},"loc":{"start":{"line":6,"column":31},"end":{"line":9,"column":1}},"line":6},"1":{"name":"(anonymous_1)","decl":{"start":{"line":8,"column":34},"end":{"line":8,"column":35}},"loc":{"start":{"line":8,"column":40},"end":{"line":8,"column":48}},"line":8},"2":{"name":"(anonymous_2)","decl":{"start":{"line":10,"column":23},"end":{"line":10,"column":24}},"loc":{"start":{"line":10,"column":163},"end":{"line":224,"column":1}},"line":10},"3":{"name":"(anonymous_3)","decl":{"start":{"line":22,"column":12},"end":{"line":22,"column":13}},"loc":{"start":{"line":22,"column":18},"end":{"line":24,"column":3}},"line":22},"4":{"name":"(anonymous_4)","decl":{"start":{"line":28,"column":35},"end":{"line":28,"column":36}},"loc":{"start":{"line":28,"column":40},"end":{"line":34,"column":3}},"line":28},"5":{"name":"(anonymous_5)","decl":{"start":{"line":35,"column":12},"end":{"line":35,"column":13}},"loc":{"start":{"line":35,"column":18},"end":{"line":40,"column":3}},"line":35},"6":{"name":"(anonymous_6)","decl":{"start":{"line":37,"column":11},"end":{"line":37,"column":12}},"loc":{"start":{"line":37,"column":17},"end":{"line":39,"column":5}},"line":37},"7":{"name":"(anonymous_7)","decl":{"start":{"line":44,"column":12},"end":{"line":44,"column":13}},"loc":{"start":{"line":44,"column":18},"end":{"line":66,"column":3}},"line":44},"8":{"name":"(anonymous_8)","decl":{"start":{"line":48,"column":23},"end":{"line":48,"column":24}},"loc":{"start":{"line":48,"column":31},"end":{"line":55,"column":7}},"line":48},"9":{"name":"(anonymous_9)","decl":{"start":{"line":61,"column":27},"end":{"line":61,"column":28}},"loc":{"start":{"line":61,"column":45},"end":{"line":63,"column":11}},"line":61},"10":{"name":"(anonymous_10)","decl":{"start":{"line":70,"column":36},"end":{"line":70,"column":37}},"loc":{"start":{"line":70,"column":41},"end":{"line":117,"column":3}},"line":70},"11":{"name":"(anonymous_11)","decl":{"start":{"line":137,"column":40},"end":{"line":137,"column":41}},"loc":{"start":{"line":137,"column":58},"end":{"line":161,"column":7}},"line":137},"12":{"name":"(anonymous_12)","decl":{"start":{"line":145,"column":17},"end":{"line":145,"column":18}},"loc":{"start":{"line":145,"column":24},"end":{"line":147,"column":13}},"line":145},"13":{"name":"(anonymous_13)","decl":{"start":{"line":150,"column":21},"end":{"line":150,"column":22}},"loc":{"start":{"line":150,"column":27},"end":{"line":155,"column":13}},"line":150},"14":{"name":"(anonymous_14)","decl":{"start":{"line":156,"column":26},"end":{"line":156,"column":27}},"loc":{"start":{"line":156,"column":32},"end":{"line":156,"column":63}},"line":156},"15":{"name":"(anonymous_15)","decl":{"start":{"line":171,"column":17},"end":{"line":171,"column":18}},"loc":{"start":{"line":171,"column":23},"end":{"line":175,"column":9}},"line":171},"16":{"name":"(anonymous_16)","decl":{"start":{"line":183,"column":20},"end":{"line":183,"column":21}},"loc":{"start":{"line":183,"column":25},"end":{"line":183,"column":73}},"line":183},"17":{"name":"(anonymous_17)","decl":{"start":{"line":184,"column":19},"end":{"line":184,"column":20}},"loc":{"start":{"line":184,"column":25},"end":{"line":184,"column":46}},"line":184},"18":{"name":"(anonymous_18)","decl":{"start":{"line":185,"column":21},"end":{"line":185,"column":22}},"loc":{"start":{"line":185,"column":26},"end":{"line":185,"column":42}},"line":185},"19":{"name":"(anonymous_19)","decl":{"start":{"line":197,"column":23},"end":{"line":197,"column":24}},"loc":{"start":{"line":197,"column":29},"end":{"line":200,"column":13}},"line":197},"20":{"name":"(anonymous_20)","decl":{"start":{"line":207,"column":19},"end":{"line":207,"column":20}},"loc":{"start":{"line":207,"column":24},"end":{"line":212,"column":11}},"line":207}},"branchMap":{"0":{"loc":{"start":{"line":10,"column":119},"end":{"line":10,"column":137}},"type":"default-arg","locations":[{"start":{"line":10,"column":133},"end":{"line":10,"column":137}}],"line":10},"1":{"loc":{"start":{"line":29,"column":4},"end":{"line":33,"column":5}},"type":"if","locations":[{"start":{"line":29,"column":4},"end":{"line":33,"column":5}},{"start":{"line":29,"column":4},"end":{"line":33,"column":5}}],"line":29},"2":{"loc":{"start":{"line":29,"column":8},"end":{"line":29,"column":66}},"type":"binary-expr","locations":[{"start":{"line":29,"column":8},"end":{"line":29,"column":25}},{"start":{"line":29,"column":29},"end":{"line":29,"column":66}}],"line":29},"3":{"loc":{"start":{"line":45,"column":23},"end":{"line":45,"column":98}},"type":"cond-expr","locations":[{"start":{"line":45,"column":58},"end":{"line":45,"column":94}},{"start":{"line":45,"column":97},"end":{"line":45,"column":98}}],"line":45},"4":{"loc":{"start":{"line":46,"column":4},"end":{"line":65,"column":5}},"type":"if","locations":[{"start":{"line":46,"column":4},"end":{"line":65,"column":5}},{"start":{"line":46,"column":4},"end":{"line":65,"column":5}}],"line":46},"5":{"loc":{"start":{"line":46,"column":8},"end":{"line":46,"column":48}},"type":"binary-expr","locations":[{"start":{"line":46,"column":8},"end":{"line":46,"column":26}},{"start":{"line":46,"column":30},"end":{"line":46,"column":48}}],"line":46},"6":{"loc":{"start":{"line":49,"column":8},"end":{"line":54,"column":14}},"type":"cond-expr","locations":[{"start":{"line":53,"column":12},"end":{"line":53,"column":34}},{"start":{"line":54,"column":12},"end":{"line":54,"column":14}}],"line":49},"7":{"loc":{"start":{"line":60,"column":6},"end":{"line":64,"column":12}},"type":"cond-expr","locations":[{"start":{"line":61,"column":10},"end":{"line":63,"column":12}},{"start":{"line":64,"column":10},"end":{"line":64,"column":12}}],"line":60},"8":{"loc":{"start":{"line":60,"column":6},"end":{"line":60,"column":33}},"type":"binary-expr","locations":[{"start":{"line":60,"column":6},"end":{"line":60,"column":14}},{"start":{"line":60,"column":18},"end":{"line":60,"column":33}}],"line":60},"9":{"loc":{"start":{"line":62,"column":12},"end":{"line":62,"column":79}},"type":"cond-expr","locations":[{"start":{"line":62,"column":43},"end":{"line":62,"column":74}},{"start":{"line":62,"column":77},"end":{"line":62,"column":79}}],"line":62},"10":{"loc":{"start":{"line":71,"column":4},"end":{"line":116,"column":5}},"type":"if","locations":[{"start":{"line":71,"column":4},"end":{"line":116,"column":5}},{"start":{"line":71,"column":4},"end":{"line":116,"column":5}}],"line":71},"11":{"loc":{"start":{"line":71,"column":8},"end":{"line":71,"column":48}},"type":"binary-expr","locations":[{"start":{"line":71,"column":8},"end":{"line":71,"column":26}},{"start":{"line":71,"column":30},"end":{"line":71,"column":48}}],"line":71},"12":{"loc":{"start":{"line":72,"column":6},"end":{"line":110,"column":7}},"type":"switch","locations":[{"start":{"line":73,"column":8},"end":{"line":73,"column":16}},{"start":{"line":74,"column":8},"end":{"line":79,"column":16}},{"start":{"line":80,"column":8},"end":{"line":83,"column":16}},{"start":{"line":84,"column":8},"end":{"line":95,"column":16}},{"start":{"line":96,"column":8},"end":{"line":107,"column":16}},{"start":{"line":108,"column":8},"end":{"line":108,"column":16}}],"line":72},"13":{"loc":{"start":{"line":75,"column":10},"end":{"line":75,"column":111}},"type":"if","locations":[{"start":{"line":75,"column":10},"end":{"line":75,"column":111}},{"start":{"line":75,"column":10},"end":{"line":75,"column":111}}],"line":75},"14":{"loc":{"start":{"line":75,"column":14},"end":{"line":75,"column":102}},"type":"binary-expr","locations":[{"start":{"line":75,"column":14},"end":{"line":75,"column":39}},{"start":{"line":75,"column":43},"end":{"line":75,"column":102}}],"line":75},"15":{"loc":{"start":{"line":78,"column":10},"end":{"line":78,"column":111}},"type":"binary-expr","locations":[{"start":{"line":78,"column":10},"end":{"line":78,"column":35}},{"start":{"line":78,"column":39},"end":{"line":78,"column":111}}],"line":78},"16":{"loc":{"start":{"line":86,"column":10},"end":{"line":94,"column":11}},"type":"if","locations":[{"start":{"line":86,"column":10},"end":{"line":94,"column":11}},{"start":{"line":86,"column":10},"end":{"line":94,"column":11}}],"line":86},"17":{"loc":{"start":{"line":91,"column":12},"end":{"line":93,"column":13}},"type":"if","locations":[{"start":{"line":91,"column":12},"end":{"line":93,"column":13}},{"start":{"line":91,"column":12},"end":{"line":93,"column":13}}],"line":91},"18":{"loc":{"start":{"line":98,"column":10},"end":{"line":106,"column":11}},"type":"if","locations":[{"start":{"line":98,"column":10},"end":{"line":106,"column":11}},{"start":{"line":98,"column":10},"end":{"line":106,"column":11}}],"line":98},"19":{"loc":{"start":{"line":103,"column":12},"end":{"line":105,"column":13}},"type":"if","locations":[{"start":{"line":103,"column":12},"end":{"line":105,"column":13}},{"start":{"line":103,"column":12},"end":{"line":105,"column":13}}],"line":103},"20":{"loc":{"start":{"line":112,"column":6},"end":{"line":115,"column":7}},"type":"if","locations":[{"start":{"line":112,"column":6},"end":{"line":115,"column":7}},{"start":{"line":112,"column":6},"end":{"line":115,"column":7}}],"line":112},"21":{"loc":{"start":{"line":122,"column":2},"end":{"line":165,"column":3}},"type":"if","locations":[{"start":{"line":122,"column":2},"end":{"line":165,"column":3}},{"start":{"line":122,"column":2},"end":{"line":165,"column":3}}],"line":122},"22":{"loc":{"start":{"line":125,"column":9},"end":{"line":131,"column":9}},"type":"cond-expr","locations":[{"start":{"line":126,"column":10},"end":{"line":128,"column":16}},{"start":{"line":130,"column":10},"end":{"line":130,"column":12}}],"line":125},"23":{"loc":{"start":{"line":132,"column":9},"end":{"line":132,"column":49}},"type":"cond-expr","locations":[{"start":{"line":132,"column":23},"end":{"line":132,"column":34}},{"start":{"line":132,"column":37},"end":{"line":132,"column":49}}],"line":132},"24":{"loc":{"start":{"line":136,"column":4},"end":{"line":164,"column":5}},"type":"if","locations":[{"start":{"line":136,"column":4},"end":{"line":164,"column":5}},{"start":{"line":136,"column":4},"end":{"line":164,"column":5}}],"line":136},"25":{"loc":{"start":{"line":136,"column":8},"end":{"line":136,"column":55}},"type":"binary-expr","locations":[{"start":{"line":136,"column":8},"end":{"line":136,"column":26}},{"start":{"line":136,"column":30},"end":{"line":136,"column":55}}],"line":136},"26":{"loc":{"start":{"line":141,"column":31},"end":{"line":141,"column":82}},"type":"cond-expr","locations":[{"start":{"line":141,"column":68},"end":{"line":141,"column":77}},{"start":{"line":141,"column":80},"end":{"line":141,"column":82}}],"line":141},"27":{"loc":{"start":{"line":142,"column":21},"end":{"line":142,"column":101}},"type":"cond-expr","locations":[{"start":{"line":142,"column":44},"end":{"line":142,"column":53}},{"start":{"line":142,"column":56},"end":{"line":142,"column":101}}],"line":142},"28":{"loc":{"start":{"line":142,"column":56},"end":{"line":142,"column":101}},"type":"cond-expr","locations":[{"start":{"line":142,"column":87},"end":{"line":142,"column":96}},{"start":{"line":142,"column":99},"end":{"line":142,"column":101}}],"line":142},"29":{"loc":{"start":{"line":143,"column":22},"end":{"line":143,"column":63}},"type":"cond-expr","locations":[{"start":{"line":143,"column":45},"end":{"line":143,"column":58}},{"start":{"line":143,"column":61},"end":{"line":143,"column":63}}],"line":143},"30":{"loc":{"start":{"line":146,"column":14},"end":{"line":146,"column":79}},"type":"cond-expr","locations":[{"start":{"line":146,"column":52},"end":{"line":146,"column":73}},{"start":{"line":146,"column":77},"end":{"line":146,"column":79}}],"line":146},"31":{"loc":{"start":{"line":151,"column":14},"end":{"line":151,"column":47}},"type":"if","locations":[{"start":{"line":151,"column":14},"end":{"line":151,"column":47}},{"start":{"line":151,"column":14},"end":{"line":151,"column":47}}],"line":151},"32":{"loc":{"start":{"line":163,"column":43},"end":{"line":163,"column":87}},"type":"cond-expr","locations":[{"start":{"line":163,"column":59},"end":{"line":163,"column":72}},{"start":{"line":163,"column":75},"end":{"line":163,"column":87}}],"line":163},"33":{"loc":{"start":{"line":167,"column":69},"end":{"line":167,"column":108}},"type":"cond-expr","locations":[{"start":{"line":167,"column":92},"end":{"line":167,"column":103}},{"start":{"line":167,"column":106},"end":{"line":167,"column":108}}],"line":167},"34":{"loc":{"start":{"line":167,"column":69},"end":{"line":167,"column":89}},"type":"binary-expr","locations":[{"start":{"line":167,"column":69},"end":{"line":167,"column":74}},{"start":{"line":167,"column":78},"end":{"line":167,"column":89}}],"line":167},"35":{"loc":{"start":{"line":169,"column":35},"end":{"line":169,"column":65}},"type":"cond-expr","locations":[{"start":{"line":169,"column":53},"end":{"line":169,"column":60}},{"start":{"line":169,"column":63},"end":{"line":169,"column":65}}],"line":169},"36":{"loc":{"start":{"line":170,"column":31},"end":{"line":170,"column":63}},"type":"cond-expr","locations":[{"start":{"line":170,"column":52},"end":{"line":170,"column":58}},{"start":{"line":170,"column":61},"end":{"line":170,"column":63}}],"line":170},"37":{"loc":{"start":{"line":190,"column":9},"end":{"line":190,"column":91}},"type":"cond-expr","locations":[{"start":{"line":190,"column":41},"end":{"line":190,"column":86}},{"start":{"line":190,"column":89},"end":{"line":190,"column":91}}],"line":190},"38":{"loc":{"start":{"line":190,"column":9},"end":{"line":190,"column":38}},"type":"binary-expr","locations":[{"start":{"line":190,"column":9},"end":{"line":190,"column":28}},{"start":{"line":190,"column":32},"end":{"line":190,"column":38}}],"line":190},"39":{"loc":{"start":{"line":191,"column":9},"end":{"line":191,"column":125}},"type":"cond-expr","locations":[{"start":{"line":191,"column":42},"end":{"line":191,"column":120}},{"start":{"line":191,"column":123},"end":{"line":191,"column":125}}],"line":191},"40":{"loc":{"start":{"line":191,"column":9},"end":{"line":191,"column":39}},"type":"binary-expr","locations":[{"start":{"line":191,"column":9},"end":{"line":191,"column":28}},{"start":{"line":191,"column":32},"end":{"line":191,"column":39}}],"line":191},"41":{"loc":{"start":{"line":191,"column":74},"end":{"line":191,"column":113}},"type":"cond-expr","locations":[{"start":{"line":191,"column":88},"end":{"line":191,"column":99}},{"start":{"line":191,"column":102},"end":{"line":191,"column":113}}],"line":191},"42":{"loc":{"start":{"line":192,"column":9},"end":{"line":202,"column":9}},"type":"binary-expr","locations":[{"start":{"line":192,"column":9},"end":{"line":192,"column":27}},{"start":{"line":193,"column":10},"end":{"line":201,"column":12}}],"line":192},"43":{"loc":{"start":{"line":198,"column":14},"end":{"line":198,"column":52}},"type":"binary-expr","locations":[{"start":{"line":198,"column":14},"end":{"line":198,"column":24}},{"start":{"line":198,"column":28},"end":{"line":198,"column":52}}],"line":198},"44":{"loc":{"start":{"line":209,"column":12},"end":{"line":209,"column":50}},"type":"binary-expr","locations":[{"start":{"line":209,"column":12},"end":{"line":209,"column":22}},{"start":{"line":209,"column":26},"end":{"line":209,"column":50}}],"line":209},"45":{"loc":{"start":{"line":215,"column":7},"end":{"line":221,"column":7}},"type":"cond-expr","locations":[{"start":{"line":216,"column":8},"end":{"line":218,"column":14}},{"start":{"line":220,"column":8},"end":{"line":220,"column":10}}],"line":215},"46":{"loc":{"start":{"line":216,"column":83},"end":{"line":216,"column":130}},"type":"cond-expr","locations":[{"start":{"line":216,"column":110},"end":{"line":216,"column":125}},{"start":{"line":216,"column":128},"end":{"line":216,"column":130}}],"line":216},"47":{"loc":{"start":{"line":216,"column":83},"end":{"line":216,"column":107}},"type":"binary-expr","locations":[{"start":{"line":216,"column":83},"end":{"line":216,"column":88}},{"start":{"line":216,"column":92},"end":{"line":216,"column":107}}],"line":216}},"s":{"0":1,"1":1,"2":0,"3":0,"4":0,"5":1,"6":13,"7":13,"8":13,"9":13,"10":13,"11":13,"12":13,"13":13,"14":13,"15":13,"16":13,"17":13,"18":4,"19":13,"20":0,"21":0,"22":0,"23":0,"24":13,"25":4,"26":4,"27":0,"28":13,"29":4,"30":4,"31":0,"32":0,"33":0,"34":0,"35":0,"36":4,"37":4,"38":0,"39":13,"40":0,"41":0,"42":0,"43":0,"44":0,"45":0,"46":0,"47":0,"48":0,"49":0,"50":0,"51":0,"52":0,"53":0,"54":0,"55":0,"56":0,"57":0,"58":0,"59":0,"60":0,"61":0,"62":0,"63":0,"64":0,"65":0,"66":0,"67":0,"68":0,"69":0,"70":0,"71":0,"72":13,"73":3,"74":10,"75":0,"76":0,"77":0,"78":0,"79":0,"80":0,"81":0,"82":0,"83":0,"84":10,"85":13,"86":4,"87":4,"88":4,"89":0,"90":0,"91":0,"92":0,"93":0,"94":1,"95":1,"96":1,"97":1},"f":{"0":0,"1":0,"2":13,"3":4,"4":0,"5":4,"6":0,"7":4,"8":0,"9":0,"10":0,"11":0,"12":0,"13":0,"14":0,"15":4,"16":0,"17":0,"18":0,"19":0,"20":1},"b":{"0":[10],"1":[0,0],"2":[0,0],"3":[0,4],"4":[0,4],"5":[4,0],"6":[0,0],"7":[0,4],"8":[4,0],"9":[0,0],"10":[0,0],"11":[0,0],"12":[0,0,0,0,0,0],"13":[0,0],"14":[0,0],"15":[0,0],"16":[0,0],"17":[0,0],"18":[0,0],"19":[0,0],"20":[0,0],"21":[3,10],"22":[0,3],"23":[3,0],"24":[0,10],"25":[10,0],"26":[0,0],"27":[0,0],"28":[0,0],"29":[0,0],"30":[0,0],"31":[0,0],"32":[3,7],"33":[0,13],"34":[13,0],"35":[5,8],"36":[0,13],"37":[0,13],"38":[13,13],"39":[13,0],"40":[13,13],"41":[3,10],"42":[13,0],"43":[0,0],"44":[1,0],"45":[4,9],"46":[0,4],"47":[4,0]},"_coverageSchema":"43e27e138ebf9cfc5966b082cf9a028302ed4184","hash":"37adb6faf671774337b5e02b4d2d58a92135418b"}
}
