TN:
SF:/Users/linzhixing/linzhixing/repository/react-select/src/components/icon/icon.js
FN:3,(anonymous_0)
FN:15,(anonymous_1)
FN:27,(anonymous_2)
FNF:3
FNH:1
FNDA:0,(anonymous_0)
FNDA:13,(anonymous_1)
FNDA:0,(anonymous_2)
DA:3,1
DA:4,0
DA:15,1
DA:16,13
DA:27,1
DA:28,0
LF:6
LH:4
BRDA:3,0,0,0
BRDA:3,1,0,0
BRDA:3,2,0,0
BRDA:3,3,0,0
BRDA:15,4,0,0
BRDA:15,5,0,13
BRDA:15,6,0,13
BRDA:15,7,0,13
BRDA:27,8,0,0
BRDA:27,9,0,0
BRDA:27,10,0,0
BRDA:27,11,0,0
BRF:12
BRH:3
end_of_record
TN:
SF:/Users/linzhixing/linzhixing/repository/react-select/src/components/select/select.js
FN:6,(anonymous_0)
FN:8,(anonymous_1)
FN:10,(anonymous_2)
FN:22,(anonymous_3)
FN:28,(anonymous_4)
FN:35,(anonymous_5)
FN:37,(anonymous_6)
FN:44,(anonymous_7)
FN:48,(anonymous_8)
FN:61,(anonymous_9)
FN:70,(anonymous_10)
FN:137,(anonymous_11)
FN:145,(anonymous_12)
FN:150,(anonymous_13)
FN:156,(anonymous_14)
FN:171,(anonymous_15)
FN:183,(anonymous_16)
FN:184,(anonymous_17)
FN:185,(anonymous_18)
FN:197,(anonymous_19)
FN:207,(anonymous_20)
FNF:21
FNH:6
FNDA:0,(anonymous_0)
FNDA:0,(anonymous_1)
FNDA:13,(anonymous_2)
FNDA:4,(anonymous_3)
FNDA:0,(anonymous_4)
FNDA:4,(anonymous_5)
FNDA:0,(anonymous_6)
FNDA:4,(anonymous_7)
FNDA:0,(anonymous_8)
FNDA:0,(anonymous_9)
FNDA:0,(anonymous_10)
FNDA:0,(anonymous_11)
FNDA:0,(anonymous_12)
FNDA:0,(anonymous_13)
FNDA:0,(anonymous_14)
FNDA:4,(anonymous_15)
FNDA:0,(anonymous_16)
FNDA:0,(anonymous_17)
FNDA:0,(anonymous_18)
FNDA:0,(anonymous_19)
FNDA:1,(anonymous_20)
DA:5,1
DA:6,1
DA:7,0
DA:8,0
DA:10,1
DA:11,13
DA:12,13
DA:13,13
DA:14,13
DA:15,13
DA:16,13
DA:17,13
DA:18,13
DA:19,13
DA:20,13
DA:21,13
DA:22,13
DA:23,4
DA:28,13
DA:29,0
DA:30,0
DA:31,0
DA:32,0
DA:35,13
DA:36,4
DA:37,4
DA:38,0
DA:44,13
DA:45,4
DA:46,4
DA:47,0
DA:48,0
DA:49,0
DA:56,0
DA:57,0
DA:59,4
DA:60,4
DA:62,0
DA:70,13
DA:71,0
DA:72,0
DA:75,0
DA:76,0
DA:77,0
DA:78,0
DA:79,0
DA:81,0
DA:82,0
DA:83,0
DA:85,0
DA:86,0
DA:87,0
DA:88,0
DA:89,0
DA:90,0
DA:91,0
DA:92,0
DA:95,0
DA:97,0
DA:98,0
DA:99,0
DA:100,0
DA:101,0
DA:102,0
DA:103,0
DA:104,0
DA:107,0
DA:112,0
DA:113,0
DA:114,0
DA:122,13
DA:123,3
DA:136,10
DA:137,0
DA:138,0
DA:146,0
DA:151,0
DA:152,0
DA:153,0
DA:154,0
DA:156,0
DA:163,10
DA:166,13
DA:172,4
DA:173,4
DA:174,4
DA:183,0
DA:184,0
DA:185,0
DA:198,0
DA:199,0
DA:208,1
DA:209,1
DA:210,1
DA:211,1
LF:95
LH:38
BRDA:10,0,0,10
BRDA:29,1,0,0
BRDA:29,1,1,0
BRDA:29,2,0,0
BRDA:29,2,1,0
BRDA:45,3,0,0
BRDA:45,3,1,4
BRDA:46,4,0,0
BRDA:46,4,1,4
BRDA:46,5,0,4
BRDA:46,5,1,0
BRDA:49,6,0,0
BRDA:49,6,1,0
BRDA:60,7,0,0
BRDA:60,7,1,4
BRDA:60,8,0,4
BRDA:60,8,1,0
BRDA:62,9,0,0
BRDA:62,9,1,0
BRDA:71,10,0,0
BRDA:71,10,1,0
BRDA:71,11,0,0
BRDA:71,11,1,0
BRDA:72,12,0,0
BRDA:72,12,1,0
BRDA:72,12,2,0
BRDA:72,12,3,0
BRDA:72,12,4,0
BRDA:72,12,5,0
BRDA:75,13,0,0
BRDA:75,13,1,0
BRDA:75,14,0,0
BRDA:75,14,1,0
BRDA:78,15,0,0
BRDA:78,15,1,0
BRDA:86,16,0,0
BRDA:86,16,1,0
BRDA:91,17,0,0
BRDA:91,17,1,0
BRDA:98,18,0,0
BRDA:98,18,1,0
BRDA:103,19,0,0
BRDA:103,19,1,0
BRDA:112,20,0,0
BRDA:112,20,1,0
BRDA:122,21,0,3
BRDA:122,21,1,10
BRDA:125,22,0,0
BRDA:125,22,1,3
BRDA:132,23,0,3
BRDA:132,23,1,0
BRDA:136,24,0,0
BRDA:136,24,1,10
BRDA:136,25,0,10
BRDA:136,25,1,0
BRDA:141,26,0,0
BRDA:141,26,1,0
BRDA:142,27,0,0
BRDA:142,27,1,0
BRDA:142,28,0,0
BRDA:142,28,1,0
BRDA:143,29,0,0
BRDA:143,29,1,0
BRDA:146,30,0,0
BRDA:146,30,1,0
BRDA:151,31,0,0
BRDA:151,31,1,0
BRDA:163,32,0,3
BRDA:163,32,1,7
BRDA:167,33,0,0
BRDA:167,33,1,13
BRDA:167,34,0,13
BRDA:167,34,1,0
BRDA:169,35,0,5
BRDA:169,35,1,8
BRDA:170,36,0,0
BRDA:170,36,1,13
BRDA:190,37,0,0
BRDA:190,37,1,13
BRDA:190,38,0,13
BRDA:190,38,1,13
BRDA:191,39,0,13
BRDA:191,39,1,0
BRDA:191,40,0,13
BRDA:191,40,1,13
BRDA:191,41,0,3
BRDA:191,41,1,10
BRDA:192,42,0,13
BRDA:192,42,1,0
BRDA:198,43,0,0
BRDA:198,43,1,0
BRDA:209,44,0,1
BRDA:209,44,1,0
BRDA:215,45,0,4
BRDA:215,45,1,9
BRDA:216,46,0,0
BRDA:216,46,1,4
BRDA:216,47,0,4
BRDA:216,47,1,0
BRF:99
BRH:33
end_of_record
